[+] Containers:
 |- [+] Container: /Game/FirstPerson/Maps/FirstPersonMap
 |   |- [+] ActorDescs:
 |   |   |- Guid:023983764A70D4C6BE6FFD983562672D BaseClass: NativeClass:/Script/Engine.StaticMeshActor Name:StaticMeshActor_UAID_88A4C2BD6D1C0E3502_1771065951 Label:lp_pond_GeoSphere27 SpatiallyLoaded:1 Bounds:IsValid=true, Min=(X=-256.359 Y=-1590.376 Z=23.969), Max=(X=147.389 Y=-1245.989 Z=567.014) RuntimeGrid:None EditorOnly:0 RuntimeOnly:0 HLODRelevant:1 ListedInSceneOutliner:1 IsMainWorldOnly:0
 |   |   |- Guid:0449DE6F41BF4D08E95B3BA7C8199E86 BaseClass: NativeClass:/Script/Engine.StaticMeshActor Name:StaticMeshActor_UAID_88A4C2BD6D1C0E3502_1750457947 Label:lp_pond_GeoSphere23 SpatiallyLoaded:1 Bounds:IsValid=true, Min=(X=2443.641 Y=-580.376 Z=23.969), Max=(X=2847.389 Y=-235.989 Z=567.014) RuntimeGrid:None EditorOnly:0 RuntimeOnly:0 HLODRelevant:1 ListedInSceneOutliner:1 IsMainWorldOnly:0
 |   |   |- Guid:0AB3467A49D7D106D465BAA28CAB57CF BaseClass: NativeClass:/Script/Engine.StaticMeshActor Name:StaticMeshActor_UAID_88A4C2BD6D1C0E3502_1923871960 Label:lp_pond_GeoSphere36 SpatiallyLoaded:1 Bounds:IsValid=true, Min=(X=3373.641 Y=-390.376 Z=23.969), Max=(X=3777.389 Y=-45.989 Z=567.014) RuntimeGrid:None EditorOnly:0 RuntimeOnly:0 HLODRelevant:1 ListedInSceneOutliner:1 IsMainWorldOnly:0
 |   |   |- Guid:0C887356413CEEA95290AB84ABF9809F BaseClass: NativeClass:/Script/Engine.StaticMeshActor Name:StaticMeshActor_UAID_88A4C2BD6D1C0A3502_1236735231 Label:Cube4 SpatiallyLoaded:1 Bounds:IsValid=true, Min=(X=-5000.000 Y=-1450.000 Z=-70.000), Max=(X=0.000 Y=3550.000 Z=30.000) RuntimeGrid:None EditorOnly:0 RuntimeOnly:0 HLODRelevant:1 ListedInSceneOutliner:1 IsMainWorldOnly:0
 |   |   |- Guid:119730334B8C6CEE45E486931CCE7CAD BaseClass: NativeClass:/Script/Engine.StaticMeshActor Name:StaticMeshActor_UAID_88A4C2BD6D1C0E3502_1531307939 Label:lp_pond_GeoSphere032 SpatiallyLoaded:1 Bounds:IsValid=true, Min=(X=641.297 Y=1301.566 Z=-17.829), Max=(X=809.211 Y=1445.172 Z=134.731) RuntimeGrid:None EditorOnly:0 RuntimeOnly:0 HLODRelevant:1 ListedInSceneOutliner:1 IsMainWorldOnly:0
 |   |   |- Guid:138F27D04E1AC72B21E10ABBE1167216 BaseClass: NativeClass:/Script/Engine.StaticMeshActor Name:StaticMeshActor_UAID_88A4C2BD6D1C0E3502_1747656945 Label:lp_pond_GeoSphere21 SpatiallyLoaded:1 Bounds:IsValid=true, Min=(X=1603.641 Y=-700.376 Z=23.969), Max=(X=2007.389 Y=-355.989 Z=567.014) RuntimeGrid:None EditorOnly:0 RuntimeOnly:0 HLODRelevant:1 ListedInSceneOutliner:1 IsMainWorldOnly:0
 |   |   |- Guid:20BB460E44CCB51227C7EFA69179C9DF BaseClass: NativeClass:/Script/Engine.StaticMeshActor Name:StaticMeshActor_UAID_88A4C2BD6D1C0E3502_1925474961 Label:lp_pond_GeoSphere37 SpatiallyLoaded:1 Bounds:IsValid=true, Min=(X=3933.641 Y=579.624 Z=23.969), Max=(X=4337.389 Y=924.011 Z=567.014) RuntimeGrid:None EditorOnly:0 RuntimeOnly:0 HLODRelevant:1 ListedInSceneOutliner:1 IsMainWorldOnly:0
 |   |   |- Guid:4A70C1BD4BCD425AACEB09A0FB01F68D BaseClass: NativeClass:/Script/Engine.StaticMeshActor Name:StaticMeshActor_UAID_88A4C2BD6D1C0E3502_1744371944 Label:lp_pond_GeoSphere20 SpatiallyLoaded:1 Bounds:IsValid=true, Min=(X=363.641 Y=-60.376 Z=23.969), Max=(X=767.389 Y=284.011 Z=567.014) RuntimeGrid:None EditorOnly:0 RuntimeOnly:0 HLODRelevant:1 ListedInSceneOutliner:1 IsMainWorldOnly:0
 |   |   |- Guid:4C311A9544526B7447166F8F26615681 BaseClass: NativeClass:/Script/Engine.StaticMeshActor Name:StaticMeshActor_UAID_88A4C2BD6D1C0E3502_1777827953 Label:lp_pond_GeoSphere29 SpatiallyLoaded:1 Bounds:IsValid=true, Min=(X=1123.641 Y=-2970.376 Z=23.969), Max=(X=1527.389 Y=-2625.989 Z=567.014) RuntimeGrid:None EditorOnly:0 RuntimeOnly:0 HLODRelevant:1 ListedInSceneOutliner:1 IsMainWorldOnly:0
 |   |   |- Guid:4D3DD0BA43EFCBF33AFCA38D9EAD8921 BaseClass: NativeClass:/Script/Engine.StaticMeshActor Name:StaticMeshActor_UAID_88A4C2BD6D1C0E3502_1902380959 Label:lp_pond_GeoSphere35 SpatiallyLoaded:1 Bounds:IsValid=true, Min=(X=1933.641 Y=-1690.376 Z=23.969), Max=(X=2337.389 Y=-1345.989 Z=567.014) RuntimeGrid:None EditorOnly:0 RuntimeOnly:0 HLODRelevant:1 ListedInSceneOutliner:1 IsMainWorldOnly:0
 |   |   |- Guid:4DC0ABD44C3BB351B0C94F89D6F1F491 BaseClass: NativeClass:/Script/Engine.StaticMeshActor Name:StaticMeshActor_UAID_88A4C2BD6D1C0E3502_1782165955 Label:lp_pond_GeoSphere31 SpatiallyLoaded:1 Bounds:IsValid=true, Min=(X=3683.641 Y=-3380.376 Z=23.969), Max=(X=4087.389 Y=-3035.989 Z=567.014) RuntimeGrid:None EditorOnly:0 RuntimeOnly:0 HLODRelevant:1 ListedInSceneOutliner:1 IsMainWorldOnly:0
 |   |   |- Guid:4F851BF84FAB3CD572DA36BF1EAC4866 BaseClass: NativeClass:/Script/Engine.StaticMeshActor Name:StaticMeshActor_UAID_88A4C2BD6D1C093502_1203608049 Label:lp_pond_grass2 SpatiallyLoaded:1 Bounds:IsValid=true, Min=(X=2100.000 Y=80.000 Z=-518.007), Max=(X=4200.000 Y=1780.000 Z=30.000) RuntimeGrid:None EditorOnly:0 RuntimeOnly:0 HLODRelevant:1 ListedInSceneOutliner:1 IsMainWorldOnly:0 FolderPath:Map FolderGuid:27D904674D8F92E1458FE2A784F3F6FD
 |   |   |- Guid:54131BBC4C4B432643344CBA15B3F2F0 BaseClass: NativeClass:/Script/Engine.StaticMeshActor Name:StaticMeshActor_UAID_88A4C2BD6D1C093502_1940856052 Label:Cube2 SpatiallyLoaded:1 Bounds:IsValid=true, Min=(X=-320.000 Y=1780.000 Z=-70.000), Max=(X=4680.000 Y=6780.000 Z=30.000) RuntimeGrid:None EditorOnly:0 RuntimeOnly:0 HLODRelevant:1 ListedInSceneOutliner:1 IsMainWorldOnly:0
 |   |   |- Guid:55C6FEAE41A7877A00DC7DBC025F68AB BaseClass: NativeClass:/Script/Engine.StaticMeshActor Name:StaticMeshActor_UAID_88A4C2BD6D1C0E3502_1757390949 Label:lp_pond_GeoSphere25 SpatiallyLoaded:1 Bounds:IsValid=true, Min=(X=903.641 Y=-1940.376 Z=23.969), Max=(X=1307.389 Y=-1595.989 Z=567.014) RuntimeGrid:None EditorOnly:0 RuntimeOnly:0 HLODRelevant:1 ListedInSceneOutliner:1 IsMainWorldOnly:0
 |   |   |- Guid:56DBA80D4CAEF991D9FAAE9B36D212DC BaseClass: NativeClass:/Script/Engine.StaticMeshActor Name:StaticMeshActor_UAID_88A4C2BD6D1C083502_1820286871 Label:lp_pond_grass SpatiallyLoaded:1 Bounds:IsValid=true, Min=(X=-0.000 Y=80.000 Z=-518.007), Max=(X=2100.000 Y=1780.000 Z=30.000) RuntimeGrid:None EditorOnly:0 RuntimeOnly:0 HLODRelevant:1 ListedInSceneOutliner:1 IsMainWorldOnly:0 FolderPath:Map FolderGuid:27D904674D8F92E1458FE2A784F3F6FD
 |   |   |- Guid:5FE7584649BB6F09265329A6C57CFD0D BaseClass: NativeClass:/Script/Engine.VolumetricCloud Name:VolumetricCloud_0 Label:VolumetricCloud SpatiallyLoaded:0 Bounds:IsValid=true, Min=(X=0.000 Y=0.000 Z=820.000), Max=(X=0.000 Y=0.000 Z=820.000) RuntimeGrid:None EditorOnly:0 RuntimeOnly:0 HLODRelevant:0 ListedInSceneOutliner:1 IsMainWorldOnly:0 FolderPath:Lighting FolderGuid:0BA5F0A04EADB18E70D5B180D08FA34B
 |   |   |- Guid:61391D344900612A77DFC3BA3E354907 BaseClass: NativeClass:/Script/Engine.ExponentialHeightFog Name:ExponentialHeightFog_0 Label:ExponentialHeightFog SpatiallyLoaded:0 Bounds:IsValid=true, Min=(X=-5600.000 Y=-50.000 Z=-6850.000), Max=(X=-5600.000 Y=-50.000 Z=-6850.000) RuntimeGrid:None EditorOnly:0 RuntimeOnly:0 HLODRelevant:0 ListedInSceneOutliner:1 IsMainWorldOnly:0 FolderPath:Lighting FolderGuid:0BA5F0A04EADB18E70D5B180D08FA34B
 |   |   |- Guid:661E0D034393C4D7905EB9ADDD0AAEAB BaseClass: NativeClass:/Script/Engine.StaticMeshActor Name:StaticMeshActor_UAID_88A4C2BD6D1C0A3502_1174913230 Label:Cube3 SpatiallyLoaded:1 Bounds:IsValid=true, Min=(X=4200.000 Y=-1460.000 Z=-70.000), Max=(X=9200.000 Y=3540.000 Z=30.000) RuntimeGrid:None EditorOnly:0 RuntimeOnly:0 HLODRelevant:1 ListedInSceneOutliner:1 IsMainWorldOnly:0
 |   |   |- Guid:66F35A104A42503F37A74F892A70FB37 BaseClass: NativeClass:/Script/Engine.StaticMeshActor Name:StaticMeshActor_UAID_88A4C2BD6D1C0E3502_1780088954 Label:lp_pond_GeoSphere30 SpatiallyLoaded:1 Bounds:IsValid=true, Min=(X=3213.641 Y=-2030.376 Z=23.969), Max=(X=3617.389 Y=-1685.989 Z=567.014) RuntimeGrid:None EditorOnly:0 RuntimeOnly:0 HLODRelevant:1 ListedInSceneOutliner:1 IsMainWorldOnly:0
 |   |   |- Guid:6CC57174402C5CEF71479D85834FEE27 BaseClass: NativeClass:/Script/Engine.StaticMeshActor Name:StaticMeshActor_UAID_88A4C2BD6D1C093502_1759321051 Label:Cube SpatiallyLoaded:1 Bounds:IsValid=true, Min=(X=-350.000 Y=-4920.000 Z=-70.000), Max=(X=4650.000 Y=80.000 Z=30.000) RuntimeGrid:None EditorOnly:0 RuntimeOnly:0 HLODRelevant:1 ListedInSceneOutliner:1 IsMainWorldOnly:0
 |   |   |- Guid:6FEFB3BD4EB37B849EF0D4AC80F83855 BaseClass: NativeClass:/Script/Engine.WorldDataLayers Name:WorldDataLayers Label:WorldDataLayers SpatiallyLoaded:0 Bounds:IsValid=true, Min=(X=0.000 Y=0.000 Z=0.000), Max=(X=0.000 Y=0.000 Z=0.000) RuntimeGrid:None EditorOnly:0 RuntimeOnly:0 HLODRelevant:0 ListedInSceneOutliner:1 IsMainWorldOnly:1
 |   |   |- Guid:739135824F4935909A3A87B110F2DF47 BaseClass: NativeClass:/Script/Engine.StaticMeshActor Name:StaticMeshActor_UAID_88A4C2BD6D1C0E3502_1793839956 Label:lp_pond_GeoSphere32 SpatiallyLoaded:1 Bounds:IsValid=true, Min=(X=2623.641 Y=-3200.376 Z=23.969), Max=(X=3027.389 Y=-2855.989 Z=567.014) RuntimeGrid:None EditorOnly:0 RuntimeOnly:0 HLODRelevant:1 ListedInSceneOutliner:1 IsMainWorldOnly:0
 |   |   |- Guid:742167524818AA54CEEE509C6834914F BaseClass: NativeClass:/Script/Engine.StaticMeshActor Name:StaticMeshActor_UAID_88A4C2BD6D1C0E3502_1651662943 Label:lp_pond_GeoSphere19 SpatiallyLoaded:1 Bounds:IsValid=true, Min=(X=643.641 Y=969.624 Z=23.969), Max=(X=1047.389 Y=1314.011 Z=567.014) RuntimeGrid:None EditorOnly:0 RuntimeOnly:0 HLODRelevant:1 ListedInSceneOutliner:1 IsMainWorldOnly:0
 |   |   |- Guid:7BE625F54322775317AE7DBF6BD33120 BaseClass: NativeClass:/Script/Engine.StaticMeshActor Name:StaticMeshActor_UAID_88A4C2BD6D1C0E3502_1601202941 Label:Small_Stones_Small_8 SpatiallyLoaded:1 Bounds:IsValid=true, Min=(X=858.588 Y=437.942 Z=-42.488), Max=(X=944.832 Y=526.311 Z=120.692) RuntimeGrid:None EditorOnly:0 RuntimeOnly:0 HLODRelevant:1 ListedInSceneOutliner:1 IsMainWorldOnly:0
 |   |   |- Guid:7CCDF82145D9DAF05780E1AC12AEBDE6 BaseClass: NativeClass:/Script/Engine.StaticMeshActor Name:StaticMeshActor_UAID_88A4C2BD6D1C0E3502_1760758950 Label:lp_pond_GeoSphere26 SpatiallyLoaded:1 Bounds:IsValid=true, Min=(X=413.641 Y=-830.376 Z=23.969), Max=(X=817.389 Y=-485.989 Z=567.014) RuntimeGrid:None EditorOnly:0 RuntimeOnly:0 HLODRelevant:1 ListedInSceneOutliner:1 IsMainWorldOnly:0
 |   |   |- Guid:7D4ED3E9455BC45041BE8E8468056899 BaseClass: NativeClass:/Script/Engine.StaticMeshActor Name:StaticMeshActor_UAID_88A4C2BD6D1C083502_1820288872 Label:lp_pond_lake SpatiallyLoaded:1 Bounds:IsValid=true, Min=(X=879.814 Y=92.284 Z=-496.804), Max=(X=2138.481 Y=1767.716 Z=-12.957) RuntimeGrid:None EditorOnly:0 RuntimeOnly:0 HLODRelevant:1 ListedInSceneOutliner:1 IsMainWorldOnly:0 FolderPath:Map FolderGuid:27D904674D8F92E1458FE2A784F3F6FD
 |   |   |- Guid:87F731144D57CF0607720E9F3E305219 BaseClass: NativeClass:/Script/Engine.StaticMeshActor Name:StaticMeshActor_UAID_88A4C2BD6D1C0E3502_1943995963 Label:lp_pond_GeoSphere38 SpatiallyLoaded:1 Bounds:IsValid=true, Min=(X=3383.641 Y=1019.624 Z=23.969), Max=(X=3787.389 Y=1364.011 Z=567.014) RuntimeGrid:None EditorOnly:0 RuntimeOnly:0 HLODRelevant:1 ListedInSceneOutliner:1 IsMainWorldOnly:0
 |   |   |- Guid:8BBD476E49E02B34E3BD7BBC5C2E5E6D BaseClass: NativeClass:/Script/Engine.StaticMeshActor Name:StaticMeshActor_UAID_88A4C2BD6D1C0E3502_1797879958 Label:lp_pond_GeoSphere34 SpatiallyLoaded:1 Bounds:IsValid=true, Min=(X=2983.641 Y=-4310.376 Z=23.969), Max=(X=3387.389 Y=-3965.989 Z=567.014) RuntimeGrid:None EditorOnly:0 RuntimeOnly:0 HLODRelevant:1 ListedInSceneOutliner:1 IsMainWorldOnly:0
 |   |   |- Guid:9446CFE94A685A6569AA7AB925D46756 BaseClass: NativeClass:/Script/Engine.StaticMeshActor Name:StaticMeshActor_UAID_88A4C2BD6D1C0E3502_1749443946 Label:lp_pond_GeoSphere22 SpatiallyLoaded:1 Bounds:IsValid=true, Min=(X=1093.641 Y=-860.376 Z=23.969), Max=(X=1497.389 Y=-515.989 Z=567.014) RuntimeGrid:None EditorOnly:0 RuntimeOnly:0 HLODRelevant:1 ListedInSceneOutliner:1 IsMainWorldOnly:0
 |   |   |- Guid:A354B1B24E617A525DC6B48CCDE2417E BaseClass: NativeClass:/Script/Engine.PlayerStart Name:PlayerStart_0 Label:PlayerStart SpatiallyLoaded:0 Bounds:IsValid=true, Min=(X=860.000 Y=810.000 Z=40.013), Max=(X=940.000 Y=890.000 Z=224.013) RuntimeGrid:None EditorOnly:0 RuntimeOnly:0 HLODRelevant:0 ListedInSceneOutliner:1 IsMainWorldOnly:0
 |   |   |- Guid:A41DDE5D44A3FE87C8AB2FBAB5C658C6 BaseClass: NativeClass:/Script/Engine.StaticMeshActor Name:StaticMeshActor_UAID_88A4C2BD6D1C0E3502_1775979952 Label:lp_pond_GeoSphere28 SpatiallyLoaded:1 Bounds:IsValid=true, Min=(X=1933.641 Y=-2600.376 Z=23.969), Max=(X=2337.389 Y=-2255.989 Z=567.014) RuntimeGrid:None EditorOnly:0 RuntimeOnly:0 HLODRelevant:1 ListedInSceneOutliner:1 IsMainWorldOnly:0
 |   |   |- Guid:A9B091A04AA03C544E7F71B1612E4965 BaseClass: NativeClass:/Script/Engine.StaticMeshActor Name:StaticMeshActor_UAID_88A4C2BD6D1C093502_1203611050 Label:lp_pond_lake2 SpatiallyLoaded:1 Bounds:IsValid=true, Min=(X=2061.519 Y=92.284 Z=-496.804), Max=(X=3320.186 Y=1767.716 Z=-12.957) RuntimeGrid:None EditorOnly:0 RuntimeOnly:0 HLODRelevant:1 ListedInSceneOutliner:1 IsMainWorldOnly:0 FolderPath:Map FolderGuid:27D904674D8F92E1458FE2A784F3F6FD
 |   |   |- Guid:BA9FC9BB4862CE5B4A9C009EC854A784 BaseClass: NativeClass:/Script/Engine.StaticMeshActor Name:StaticMeshActor_UAID_88A4C2BD6D1C0B3502_1135280408 Label:lp_pond_Box026 SpatiallyLoaded:1 Bounds:IsValid=true, Min=(X=804.908 Y=720.539 Z=26.791), Max=(X=928.509 Y=1014.217 Z=159.795) RuntimeGrid:None EditorOnly:0 RuntimeOnly:0 HLODRelevant:1 ListedInSceneOutliner:1 IsMainWorldOnly:0
 |   |   |- Guid:C0C56B9644AE3D40CAFF6A878DB29844 BaseClass: NativeClass:/Script/Engine.StaticMeshActor Name:StaticMeshActor_UAID_A4AE111137DC5EFB00_2001720423 Label:SM_SkySphere SpatiallyLoaded:0 Bounds:IsValid=true, Min=(X=-1638400.000 Y=-1638400.000 Z=-1638400.000), Max=(X=1638400.000 Y=1638400.000 Z=1638400.000) RuntimeGrid:None EditorOnly:0 RuntimeOnly:0 HLODRelevant:1 ListedInSceneOutliner:1 IsMainWorldOnly:0 FolderPath:Lighting FolderGuid:0BA5F0A04EADB18E70D5B180D08FA34B
 |   |   |- Guid:C22CE07C4B87D685137FDBBC10FC92C6 BaseClass: NativeClass:/Script/Engine.SkyAtmosphere Name:SkyAtmosphere_0 Label:SkyAtmosphere SpatiallyLoaded:0 Bounds:IsValid=true, Min=(X=0.000 Y=0.000 Z=1020.000), Max=(X=0.000 Y=0.000 Z=1020.000) RuntimeGrid:None EditorOnly:0 RuntimeOnly:0 HLODRelevant:0 ListedInSceneOutliner:1 IsMainWorldOnly:0 FolderPath:Lighting FolderGuid:0BA5F0A04EADB18E70D5B180D08FA34B
 |   |   |- Guid:CE8D82634660FCDB3120E2B8D547C533 BaseClass: NativeClass:/Script/Engine.PostProcessVolume Name:PostProcessVolume_0 Label:PostProcessVolume SpatiallyLoaded:0 Bounds:IsValid=true, Min=(X=0.000 Y=0.000 Z=400.000), Max=(X=200.000 Y=200.000 Z=600.000) RuntimeGrid:None EditorOnly:0 RuntimeOnly:0 HLODRelevant:0 ListedInSceneOutliner:1 IsMainWorldOnly:0 FolderPath:Lighting FolderGuid:0BA5F0A04EADB18E70D5B180D08FA34B
 |   |   |- Guid:CEB3E1604FF7C8668032D1A411E7A7B8 BaseClass: NativeClass:/Script/Engine.StaticMeshActor Name:StaticMeshActor_UAID_88A4C2BD6D1C0E3502_1751618948 Label:lp_pond_GeoSphere24 SpatiallyLoaded:1 Bounds:IsValid=true, Min=(X=2393.641 Y=-1200.376 Z=23.969), Max=(X=2797.389 Y=-855.989 Z=567.014) RuntimeGrid:None EditorOnly:0 RuntimeOnly:0 HLODRelevant:1 ListedInSceneOutliner:1 IsMainWorldOnly:0
 |   |   |- Guid:D595B9724A6F1D4866C19C8B8FCC8645 BaseClass: NativeClass:/Script/Engine.StaticMeshActor Name:StaticMeshActor_UAID_88A4C2BD6D1C0E3502_1589093940 Label:Small_Stones_Small_6 SpatiallyLoaded:1 Bounds:IsValid=true, Min=(X=1457.397 Y=400.245 Z=-117.038), Max=(X=1544.697 Y=497.128 Z=110.242) RuntimeGrid:None EditorOnly:0 RuntimeOnly:0 HLODRelevant:1 ListedInSceneOutliner:1 IsMainWorldOnly:0
 |   |   |- Guid:D78A8E1441AD9EECCF89EB8AD846B084 BaseClass: NativeClass:/Script/Engine.StaticMeshActor Name:StaticMeshActor_UAID_88A4C2BD6D1C0E3502_1618748942 Label:lp_pond_GeoSphere018 SpatiallyLoaded:1 Bounds:IsValid=true, Min=(X=853.641 Y=349.624 Z=23.969), Max=(X=1257.389 Y=694.011 Z=567.014) RuntimeGrid:None EditorOnly:0 RuntimeOnly:0 HLODRelevant:1 ListedInSceneOutliner:1 IsMainWorldOnly:0
 |   |   |- Guid:E5320C1B4FD9764CE7B54D8487AEC613 BaseClass: NativeClass:/Script/Engine.SkyLight Name:SkyLight_0 Label:SkyLight SpatiallyLoaded:0 Bounds:IsValid=true, Min=(X=0.000 Y=0.000 Z=690.000), Max=(X=0.000 Y=0.000 Z=690.000) RuntimeGrid:None EditorOnly:0 RuntimeOnly:0 HLODRelevant:0 ListedInSceneOutliner:1 IsMainWorldOnly:0 FolderPath:Lighting FolderGuid:0BA5F0A04EADB18E70D5B180D08FA34B
 |   |   |- Guid:E786A76D4B24CCD83736E18276FD68EB BaseClass: NativeClass:/Script/Engine.StaticMeshActor Name:StaticMeshActor_UAID_88A4C2BD6D1C0B3502_1338360409 Label:lp_pond_GeoSphere034 SpatiallyLoaded:1 Bounds:IsValid=true, Min=(X=929.579 Y=161.638 Z=6.380), Max=(X=1100.855 Y=291.807 Z=83.708) RuntimeGrid:None EditorOnly:0 RuntimeOnly:0 HLODRelevant:1 ListedInSceneOutliner:1 IsMainWorldOnly:0
 |   |   |- Guid:EA148F83411ED352528FADB7609788C4 BaseClass: NativeClass:/Script/Engine.StaticMeshActor Name:StaticMeshActor_UAID_88A4C2BD6D1C0E3502_1796645957 Label:lp_pond_GeoSphere33 SpatiallyLoaded:1 Bounds:IsValid=true, Min=(X=1823.641 Y=-3930.376 Z=23.969), Max=(X=2227.389 Y=-3585.989 Z=567.014) RuntimeGrid:None EditorOnly:0 RuntimeOnly:0 HLODRelevant:1 ListedInSceneOutliner:1 IsMainWorldOnly:0
 |   |   |- Guid:EF7683A74042E5D69396498268BA30B4 BaseClass: NativeClass:/Script/Engine.StaticMeshActor Name:StaticMeshActor_UAID_88A4C2BD6D1C0E3502_1945818964 Label:lp_pond_GeoSphere39 SpatiallyLoaded:1 Bounds:IsValid=true, Min=(X=3903.641 Y=1109.624 Z=23.969), Max=(X=4307.389 Y=1454.011 Z=567.014) RuntimeGrid:None EditorOnly:0 RuntimeOnly:0 HLODRelevant:1 ListedInSceneOutliner:1 IsMainWorldOnly:0
 |   |   |- Guid:F80621C9446867154938FE81375207DA BaseClass: NativeClass:/Script/Engine.DirectionalLight Name:DirectionalLight_1 Label:DirectionalLight SpatiallyLoaded:0 Bounds:Invalid RuntimeGrid:None EditorOnly:0 RuntimeOnly:0 HLODRelevant:0 ListedInSceneOutliner:1 IsMainWorldOnly:0 FolderPath:Lighting FolderGuid:0BA5F0A04EADB18E70D5B180D08FA34B
 |   |- [+] Clusters:
 |   |   |- [+] [  0]
 |   |   |   |- Guid:023983764A70D4C6BE6FFD983562672D BaseClass: NativeClass:/Script/Engine.StaticMeshActor Name:StaticMeshActor_UAID_88A4C2BD6D1C0E3502_1771065951 Label:lp_pond_GeoSphere27 SpatiallyLoaded:1 Bounds:IsValid=true, Min=(X=-256.359 Y=-1590.376 Z=23.969), Max=(X=147.389 Y=-1245.989 Z=567.014) RuntimeGrid:None EditorOnly:0 RuntimeOnly:0 HLODRelevant:1 ListedInSceneOutliner:1 IsMainWorldOnly:0
 |   |   |- [+] [  1]
 |   |   |   |- Guid:0449DE6F41BF4D08E95B3BA7C8199E86 BaseClass: NativeClass:/Script/Engine.StaticMeshActor Name:StaticMeshActor_UAID_88A4C2BD6D1C0E3502_1750457947 Label:lp_pond_GeoSphere23 SpatiallyLoaded:1 Bounds:IsValid=true, Min=(X=2443.641 Y=-580.376 Z=23.969), Max=(X=2847.389 Y=-235.989 Z=567.014) RuntimeGrid:None EditorOnly:0 RuntimeOnly:0 HLODRelevant:1 ListedInSceneOutliner:1 IsMainWorldOnly:0
 |   |   |- [+] [  2]
 |   |   |   |- Guid:0AB3467A49D7D106D465BAA28CAB57CF BaseClass: NativeClass:/Script/Engine.StaticMeshActor Name:StaticMeshActor_UAID_88A4C2BD6D1C0E3502_1923871960 Label:lp_pond_GeoSphere36 SpatiallyLoaded:1 Bounds:IsValid=true, Min=(X=3373.641 Y=-390.376 Z=23.969), Max=(X=3777.389 Y=-45.989 Z=567.014) RuntimeGrid:None EditorOnly:0 RuntimeOnly:0 HLODRelevant:1 ListedInSceneOutliner:1 IsMainWorldOnly:0
 |   |   |- [+] [  3]
 |   |   |   |- Guid:0C887356413CEEA95290AB84ABF9809F BaseClass: NativeClass:/Script/Engine.StaticMeshActor Name:StaticMeshActor_UAID_88A4C2BD6D1C0A3502_1236735231 Label:Cube4 SpatiallyLoaded:1 Bounds:IsValid=true, Min=(X=-5000.000 Y=-1450.000 Z=-70.000), Max=(X=0.000 Y=3550.000 Z=30.000) RuntimeGrid:None EditorOnly:0 RuntimeOnly:0 HLODRelevant:1 ListedInSceneOutliner:1 IsMainWorldOnly:0
 |   |   |- [+] [  4]
 |   |   |   |- Guid:119730334B8C6CEE45E486931CCE7CAD BaseClass: NativeClass:/Script/Engine.StaticMeshActor Name:StaticMeshActor_UAID_88A4C2BD6D1C0E3502_1531307939 Label:lp_pond_GeoSphere032 SpatiallyLoaded:1 Bounds:IsValid=true, Min=(X=641.297 Y=1301.566 Z=-17.829), Max=(X=809.211 Y=1445.172 Z=134.731) RuntimeGrid:None EditorOnly:0 RuntimeOnly:0 HLODRelevant:1 ListedInSceneOutliner:1 IsMainWorldOnly:0
 |   |   |- [+] [  5]
 |   |   |   |- Guid:138F27D04E1AC72B21E10ABBE1167216 BaseClass: NativeClass:/Script/Engine.StaticMeshActor Name:StaticMeshActor_UAID_88A4C2BD6D1C0E3502_1747656945 Label:lp_pond_GeoSphere21 SpatiallyLoaded:1 Bounds:IsValid=true, Min=(X=1603.641 Y=-700.376 Z=23.969), Max=(X=2007.389 Y=-355.989 Z=567.014) RuntimeGrid:None EditorOnly:0 RuntimeOnly:0 HLODRelevant:1 ListedInSceneOutliner:1 IsMainWorldOnly:0
 |   |   |- [+] [  6]
 |   |   |   |- Guid:20BB460E44CCB51227C7EFA69179C9DF BaseClass: NativeClass:/Script/Engine.StaticMeshActor Name:StaticMeshActor_UAID_88A4C2BD6D1C0E3502_1925474961 Label:lp_pond_GeoSphere37 SpatiallyLoaded:1 Bounds:IsValid=true, Min=(X=3933.641 Y=579.624 Z=23.969), Max=(X=4337.389 Y=924.011 Z=567.014) RuntimeGrid:None EditorOnly:0 RuntimeOnly:0 HLODRelevant:1 ListedInSceneOutliner:1 IsMainWorldOnly:0
 |   |   |- [+] [  7]
 |   |   |   |- Guid:4A70C1BD4BCD425AACEB09A0FB01F68D BaseClass: NativeClass:/Script/Engine.StaticMeshActor Name:StaticMeshActor_UAID_88A4C2BD6D1C0E3502_1744371944 Label:lp_pond_GeoSphere20 SpatiallyLoaded:1 Bounds:IsValid=true, Min=(X=363.641 Y=-60.376 Z=23.969), Max=(X=767.389 Y=284.011 Z=567.014) RuntimeGrid:None EditorOnly:0 RuntimeOnly:0 HLODRelevant:1 ListedInSceneOutliner:1 IsMainWorldOnly:0
 |   |   |- [+] [  8]
 |   |   |   |- Guid:4C311A9544526B7447166F8F26615681 BaseClass: NativeClass:/Script/Engine.StaticMeshActor Name:StaticMeshActor_UAID_88A4C2BD6D1C0E3502_1777827953 Label:lp_pond_GeoSphere29 SpatiallyLoaded:1 Bounds:IsValid=true, Min=(X=1123.641 Y=-2970.376 Z=23.969), Max=(X=1527.389 Y=-2625.989 Z=567.014) RuntimeGrid:None EditorOnly:0 RuntimeOnly:0 HLODRelevant:1 ListedInSceneOutliner:1 IsMainWorldOnly:0
 |   |   |- [+] [  9]
 |   |   |   |- Guid:4D3DD0BA43EFCBF33AFCA38D9EAD8921 BaseClass: NativeClass:/Script/Engine.StaticMeshActor Name:StaticMeshActor_UAID_88A4C2BD6D1C0E3502_1902380959 Label:lp_pond_GeoSphere35 SpatiallyLoaded:1 Bounds:IsValid=true, Min=(X=1933.641 Y=-1690.376 Z=23.969), Max=(X=2337.389 Y=-1345.989 Z=567.014) RuntimeGrid:None EditorOnly:0 RuntimeOnly:0 HLODRelevant:1 ListedInSceneOutliner:1 IsMainWorldOnly:0
 |   |   |- [+] [ 10]
 |   |   |   |- Guid:4DC0ABD44C3BB351B0C94F89D6F1F491 BaseClass: NativeClass:/Script/Engine.StaticMeshActor Name:StaticMeshActor_UAID_88A4C2BD6D1C0E3502_1782165955 Label:lp_pond_GeoSphere31 SpatiallyLoaded:1 Bounds:IsValid=true, Min=(X=3683.641 Y=-3380.376 Z=23.969), Max=(X=4087.389 Y=-3035.989 Z=567.014) RuntimeGrid:None EditorOnly:0 RuntimeOnly:0 HLODRelevant:1 ListedInSceneOutliner:1 IsMainWorldOnly:0
 |   |   |- [+] [ 11]
 |   |   |   |- Guid:4F851BF84FAB3CD572DA36BF1EAC4866 BaseClass: NativeClass:/Script/Engine.StaticMeshActor Name:StaticMeshActor_UAID_88A4C2BD6D1C093502_1203608049 Label:lp_pond_grass2 SpatiallyLoaded:1 Bounds:IsValid=true, Min=(X=2100.000 Y=80.000 Z=-518.007), Max=(X=4200.000 Y=1780.000 Z=30.000) RuntimeGrid:None EditorOnly:0 RuntimeOnly:0 HLODRelevant:1 ListedInSceneOutliner:1 IsMainWorldOnly:0 FolderPath:Map FolderGuid:27D904674D8F92E1458FE2A784F3F6FD
 |   |   |- [+] [ 12]
 |   |   |   |- Guid:54131BBC4C4B432643344CBA15B3F2F0 BaseClass: NativeClass:/Script/Engine.StaticMeshActor Name:StaticMeshActor_UAID_88A4C2BD6D1C093502_1940856052 Label:Cube2 SpatiallyLoaded:1 Bounds:IsValid=true, Min=(X=-320.000 Y=1780.000 Z=-70.000), Max=(X=4680.000 Y=6780.000 Z=30.000) RuntimeGrid:None EditorOnly:0 RuntimeOnly:0 HLODRelevant:1 ListedInSceneOutliner:1 IsMainWorldOnly:0
 |   |   |- [+] [ 13]
 |   |   |   |- Guid:55C6FEAE41A7877A00DC7DBC025F68AB BaseClass: NativeClass:/Script/Engine.StaticMeshActor Name:StaticMeshActor_UAID_88A4C2BD6D1C0E3502_1757390949 Label:lp_pond_GeoSphere25 SpatiallyLoaded:1 Bounds:IsValid=true, Min=(X=903.641 Y=-1940.376 Z=23.969), Max=(X=1307.389 Y=-1595.989 Z=567.014) RuntimeGrid:None EditorOnly:0 RuntimeOnly:0 HLODRelevant:1 ListedInSceneOutliner:1 IsMainWorldOnly:0
 |   |   |- [+] [ 14]
 |   |   |   |- Guid:56DBA80D4CAEF991D9FAAE9B36D212DC BaseClass: NativeClass:/Script/Engine.StaticMeshActor Name:StaticMeshActor_UAID_88A4C2BD6D1C083502_1820286871 Label:lp_pond_grass SpatiallyLoaded:1 Bounds:IsValid=true, Min=(X=-0.000 Y=80.000 Z=-518.007), Max=(X=2100.000 Y=1780.000 Z=30.000) RuntimeGrid:None EditorOnly:0 RuntimeOnly:0 HLODRelevant:1 ListedInSceneOutliner:1 IsMainWorldOnly:0 FolderPath:Map FolderGuid:27D904674D8F92E1458FE2A784F3F6FD
 |   |   |- [+] [ 15]
 |   |   |   |- Guid:5FE7584649BB6F09265329A6C57CFD0D BaseClass: NativeClass:/Script/Engine.VolumetricCloud Name:VolumetricCloud_0 Label:VolumetricCloud SpatiallyLoaded:0 Bounds:IsValid=true, Min=(X=0.000 Y=0.000 Z=820.000), Max=(X=0.000 Y=0.000 Z=820.000) RuntimeGrid:None EditorOnly:0 RuntimeOnly:0 HLODRelevant:0 ListedInSceneOutliner:1 IsMainWorldOnly:0 FolderPath:Lighting FolderGuid:0BA5F0A04EADB18E70D5B180D08FA34B
 |   |   |- [+] [ 16]
 |   |   |   |- Guid:61391D344900612A77DFC3BA3E354907 BaseClass: NativeClass:/Script/Engine.ExponentialHeightFog Name:ExponentialHeightFog_0 Label:ExponentialHeightFog SpatiallyLoaded:0 Bounds:IsValid=true, Min=(X=-5600.000 Y=-50.000 Z=-6850.000), Max=(X=-5600.000 Y=-50.000 Z=-6850.000) RuntimeGrid:None EditorOnly:0 RuntimeOnly:0 HLODRelevant:0 ListedInSceneOutliner:1 IsMainWorldOnly:0 FolderPath:Lighting FolderGuid:0BA5F0A04EADB18E70D5B180D08FA34B
 |   |   |- [+] [ 17]
 |   |   |   |- Guid:661E0D034393C4D7905EB9ADDD0AAEAB BaseClass: NativeClass:/Script/Engine.StaticMeshActor Name:StaticMeshActor_UAID_88A4C2BD6D1C0A3502_1174913230 Label:Cube3 SpatiallyLoaded:1 Bounds:IsValid=true, Min=(X=4200.000 Y=-1460.000 Z=-70.000), Max=(X=9200.000 Y=3540.000 Z=30.000) RuntimeGrid:None EditorOnly:0 RuntimeOnly:0 HLODRelevant:1 ListedInSceneOutliner:1 IsMainWorldOnly:0
 |   |   |- [+] [ 18]
 |   |   |   |- Guid:66F35A104A42503F37A74F892A70FB37 BaseClass: NativeClass:/Script/Engine.StaticMeshActor Name:StaticMeshActor_UAID_88A4C2BD6D1C0E3502_1780088954 Label:lp_pond_GeoSphere30 SpatiallyLoaded:1 Bounds:IsValid=true, Min=(X=3213.641 Y=-2030.376 Z=23.969), Max=(X=3617.389 Y=-1685.989 Z=567.014) RuntimeGrid:None EditorOnly:0 RuntimeOnly:0 HLODRelevant:1 ListedInSceneOutliner:1 IsMainWorldOnly:0
 |   |   |- [+] [ 19]
 |   |   |   |- Guid:6CC57174402C5CEF71479D85834FEE27 BaseClass: NativeClass:/Script/Engine.StaticMeshActor Name:StaticMeshActor_UAID_88A4C2BD6D1C093502_1759321051 Label:Cube SpatiallyLoaded:1 Bounds:IsValid=true, Min=(X=-350.000 Y=-4920.000 Z=-70.000), Max=(X=4650.000 Y=80.000 Z=30.000) RuntimeGrid:None EditorOnly:0 RuntimeOnly:0 HLODRelevant:1 ListedInSceneOutliner:1 IsMainWorldOnly:0
 |   |   |- [+] [ 20]
 |   |   |   |- Guid:6FEFB3BD4EB37B849EF0D4AC80F83855 BaseClass: NativeClass:/Script/Engine.WorldDataLayers Name:WorldDataLayers Label:WorldDataLayers SpatiallyLoaded:0 Bounds:IsValid=true, Min=(X=0.000 Y=0.000 Z=0.000), Max=(X=0.000 Y=0.000 Z=0.000) RuntimeGrid:None EditorOnly:0 RuntimeOnly:0 HLODRelevant:0 ListedInSceneOutliner:1 IsMainWorldOnly:1
 |   |   |- [+] [ 21]
 |   |   |   |- Guid:739135824F4935909A3A87B110F2DF47 BaseClass: NativeClass:/Script/Engine.StaticMeshActor Name:StaticMeshActor_UAID_88A4C2BD6D1C0E3502_1793839956 Label:lp_pond_GeoSphere32 SpatiallyLoaded:1 Bounds:IsValid=true, Min=(X=2623.641 Y=-3200.376 Z=23.969), Max=(X=3027.389 Y=-2855.989 Z=567.014) RuntimeGrid:None EditorOnly:0 RuntimeOnly:0 HLODRelevant:1 ListedInSceneOutliner:1 IsMainWorldOnly:0
 |   |   |- [+] [ 22]
 |   |   |   |- Guid:742167524818AA54CEEE509C6834914F BaseClass: NativeClass:/Script/Engine.StaticMeshActor Name:StaticMeshActor_UAID_88A4C2BD6D1C0E3502_1651662943 Label:lp_pond_GeoSphere19 SpatiallyLoaded:1 Bounds:IsValid=true, Min=(X=643.641 Y=969.624 Z=23.969), Max=(X=1047.389 Y=1314.011 Z=567.014) RuntimeGrid:None EditorOnly:0 RuntimeOnly:0 HLODRelevant:1 ListedInSceneOutliner:1 IsMainWorldOnly:0
 |   |   |- [+] [ 23]
 |   |   |   |- Guid:7BE625F54322775317AE7DBF6BD33120 BaseClass: NativeClass:/Script/Engine.StaticMeshActor Name:StaticMeshActor_UAID_88A4C2BD6D1C0E3502_1601202941 Label:Small_Stones_Small_8 SpatiallyLoaded:1 Bounds:IsValid=true, Min=(X=858.588 Y=437.942 Z=-42.488), Max=(X=944.832 Y=526.311 Z=120.692) RuntimeGrid:None EditorOnly:0 RuntimeOnly:0 HLODRelevant:1 ListedInSceneOutliner:1 IsMainWorldOnly:0
 |   |   |- [+] [ 24]
 |   |   |   |- Guid:7CCDF82145D9DAF05780E1AC12AEBDE6 BaseClass: NativeClass:/Script/Engine.StaticMeshActor Name:StaticMeshActor_UAID_88A4C2BD6D1C0E3502_1760758950 Label:lp_pond_GeoSphere26 SpatiallyLoaded:1 Bounds:IsValid=true, Min=(X=413.641 Y=-830.376 Z=23.969), Max=(X=817.389 Y=-485.989 Z=567.014) RuntimeGrid:None EditorOnly:0 RuntimeOnly:0 HLODRelevant:1 ListedInSceneOutliner:1 IsMainWorldOnly:0
 |   |   |- [+] [ 25]
 |   |   |   |- Guid:7D4ED3E9455BC45041BE8E8468056899 BaseClass: NativeClass:/Script/Engine.StaticMeshActor Name:StaticMeshActor_UAID_88A4C2BD6D1C083502_1820288872 Label:lp_pond_lake SpatiallyLoaded:1 Bounds:IsValid=true, Min=(X=879.814 Y=92.284 Z=-496.804), Max=(X=2138.481 Y=1767.716 Z=-12.957) RuntimeGrid:None EditorOnly:0 RuntimeOnly:0 HLODRelevant:1 ListedInSceneOutliner:1 IsMainWorldOnly:0 FolderPath:Map FolderGuid:27D904674D8F92E1458FE2A784F3F6FD
 |   |   |- [+] [ 26]
 |   |   |   |- Guid:87F731144D57CF0607720E9F3E305219 BaseClass: NativeClass:/Script/Engine.StaticMeshActor Name:StaticMeshActor_UAID_88A4C2BD6D1C0E3502_1943995963 Label:lp_pond_GeoSphere38 SpatiallyLoaded:1 Bounds:IsValid=true, Min=(X=3383.641 Y=1019.624 Z=23.969), Max=(X=3787.389 Y=1364.011 Z=567.014) RuntimeGrid:None EditorOnly:0 RuntimeOnly:0 HLODRelevant:1 ListedInSceneOutliner:1 IsMainWorldOnly:0
 |   |   |- [+] [ 27]
 |   |   |   |- Guid:8BBD476E49E02B34E3BD7BBC5C2E5E6D BaseClass: NativeClass:/Script/Engine.StaticMeshActor Name:StaticMeshActor_UAID_88A4C2BD6D1C0E3502_1797879958 Label:lp_pond_GeoSphere34 SpatiallyLoaded:1 Bounds:IsValid=true, Min=(X=2983.641 Y=-4310.376 Z=23.969), Max=(X=3387.389 Y=-3965.989 Z=567.014) RuntimeGrid:None EditorOnly:0 RuntimeOnly:0 HLODRelevant:1 ListedInSceneOutliner:1 IsMainWorldOnly:0
 |   |   |- [+] [ 28]
 |   |   |   |- Guid:9446CFE94A685A6569AA7AB925D46756 BaseClass: NativeClass:/Script/Engine.StaticMeshActor Name:StaticMeshActor_UAID_88A4C2BD6D1C0E3502_1749443946 Label:lp_pond_GeoSphere22 SpatiallyLoaded:1 Bounds:IsValid=true, Min=(X=1093.641 Y=-860.376 Z=23.969), Max=(X=1497.389 Y=-515.989 Z=567.014) RuntimeGrid:None EditorOnly:0 RuntimeOnly:0 HLODRelevant:1 ListedInSceneOutliner:1 IsMainWorldOnly:0
 |   |   |- [+] [ 29]
 |   |   |   |- Guid:A354B1B24E617A525DC6B48CCDE2417E BaseClass: NativeClass:/Script/Engine.PlayerStart Name:PlayerStart_0 Label:PlayerStart SpatiallyLoaded:0 Bounds:IsValid=true, Min=(X=860.000 Y=810.000 Z=40.013), Max=(X=940.000 Y=890.000 Z=224.013) RuntimeGrid:None EditorOnly:0 RuntimeOnly:0 HLODRelevant:0 ListedInSceneOutliner:1 IsMainWorldOnly:0
 |   |   |- [+] [ 30]
 |   |   |   |- Guid:A41DDE5D44A3FE87C8AB2FBAB5C658C6 BaseClass: NativeClass:/Script/Engine.StaticMeshActor Name:StaticMeshActor_UAID_88A4C2BD6D1C0E3502_1775979952 Label:lp_pond_GeoSphere28 SpatiallyLoaded:1 Bounds:IsValid=true, Min=(X=1933.641 Y=-2600.376 Z=23.969), Max=(X=2337.389 Y=-2255.989 Z=567.014) RuntimeGrid:None EditorOnly:0 RuntimeOnly:0 HLODRelevant:1 ListedInSceneOutliner:1 IsMainWorldOnly:0
 |   |   |- [+] [ 31]
 |   |   |   |- Guid:A9B091A04AA03C544E7F71B1612E4965 BaseClass: NativeClass:/Script/Engine.StaticMeshActor Name:StaticMeshActor_UAID_88A4C2BD6D1C093502_1203611050 Label:lp_pond_lake2 SpatiallyLoaded:1 Bounds:IsValid=true, Min=(X=2061.519 Y=92.284 Z=-496.804), Max=(X=3320.186 Y=1767.716 Z=-12.957) RuntimeGrid:None EditorOnly:0 RuntimeOnly:0 HLODRelevant:1 ListedInSceneOutliner:1 IsMainWorldOnly:0 FolderPath:Map FolderGuid:27D904674D8F92E1458FE2A784F3F6FD
 |   |   |- [+] [ 32]
 |   |   |   |- Guid:BA9FC9BB4862CE5B4A9C009EC854A784 BaseClass: NativeClass:/Script/Engine.StaticMeshActor Name:StaticMeshActor_UAID_88A4C2BD6D1C0B3502_1135280408 Label:lp_pond_Box026 SpatiallyLoaded:1 Bounds:IsValid=true, Min=(X=804.908 Y=720.539 Z=26.791), Max=(X=928.509 Y=1014.217 Z=159.795) RuntimeGrid:None EditorOnly:0 RuntimeOnly:0 HLODRelevant:1 ListedInSceneOutliner:1 IsMainWorldOnly:0
 |   |   |- [+] [ 33]
 |   |   |   |- Guid:C0C56B9644AE3D40CAFF6A878DB29844 BaseClass: NativeClass:/Script/Engine.StaticMeshActor Name:StaticMeshActor_UAID_A4AE111137DC5EFB00_2001720423 Label:SM_SkySphere SpatiallyLoaded:0 Bounds:IsValid=true, Min=(X=-1638400.000 Y=-1638400.000 Z=-1638400.000), Max=(X=1638400.000 Y=1638400.000 Z=1638400.000) RuntimeGrid:None EditorOnly:0 RuntimeOnly:0 HLODRelevant:1 ListedInSceneOutliner:1 IsMainWorldOnly:0 FolderPath:Lighting FolderGuid:0BA5F0A04EADB18E70D5B180D08FA34B
 |   |   |- [+] [ 34]
 |   |   |   |- Guid:C22CE07C4B87D685137FDBBC10FC92C6 BaseClass: NativeClass:/Script/Engine.SkyAtmosphere Name:SkyAtmosphere_0 Label:SkyAtmosphere SpatiallyLoaded:0 Bounds:IsValid=true, Min=(X=0.000 Y=0.000 Z=1020.000), Max=(X=0.000 Y=0.000 Z=1020.000) RuntimeGrid:None EditorOnly:0 RuntimeOnly:0 HLODRelevant:0 ListedInSceneOutliner:1 IsMainWorldOnly:0 FolderPath:Lighting FolderGuid:0BA5F0A04EADB18E70D5B180D08FA34B
 |   |   |- [+] [ 35]
 |   |   |   |- Guid:CE8D82634660FCDB3120E2B8D547C533 BaseClass: NativeClass:/Script/Engine.PostProcessVolume Name:PostProcessVolume_0 Label:PostProcessVolume SpatiallyLoaded:0 Bounds:IsValid=true, Min=(X=0.000 Y=0.000 Z=400.000), Max=(X=200.000 Y=200.000 Z=600.000) RuntimeGrid:None EditorOnly:0 RuntimeOnly:0 HLODRelevant:0 ListedInSceneOutliner:1 IsMainWorldOnly:0 FolderPath:Lighting FolderGuid:0BA5F0A04EADB18E70D5B180D08FA34B
 |   |   |- [+] [ 36]
 |   |   |   |- Guid:CEB3E1604FF7C8668032D1A411E7A7B8 BaseClass: NativeClass:/Script/Engine.StaticMeshActor Name:StaticMeshActor_UAID_88A4C2BD6D1C0E3502_1751618948 Label:lp_pond_GeoSphere24 SpatiallyLoaded:1 Bounds:IsValid=true, Min=(X=2393.641 Y=-1200.376 Z=23.969), Max=(X=2797.389 Y=-855.989 Z=567.014) RuntimeGrid:None EditorOnly:0 RuntimeOnly:0 HLODRelevant:1 ListedInSceneOutliner:1 IsMainWorldOnly:0
 |   |   |- [+] [ 37]
 |   |   |   |- Guid:D595B9724A6F1D4866C19C8B8FCC8645 BaseClass: NativeClass:/Script/Engine.StaticMeshActor Name:StaticMeshActor_UAID_88A4C2BD6D1C0E3502_1589093940 Label:Small_Stones_Small_6 SpatiallyLoaded:1 Bounds:IsValid=true, Min=(X=1457.397 Y=400.245 Z=-117.038), Max=(X=1544.697 Y=497.128 Z=110.242) RuntimeGrid:None EditorOnly:0 RuntimeOnly:0 HLODRelevant:1 ListedInSceneOutliner:1 IsMainWorldOnly:0
 |   |   |- [+] [ 38]
 |   |   |   |- Guid:D78A8E1441AD9EECCF89EB8AD846B084 BaseClass: NativeClass:/Script/Engine.StaticMeshActor Name:StaticMeshActor_UAID_88A4C2BD6D1C0E3502_1618748942 Label:lp_pond_GeoSphere018 SpatiallyLoaded:1 Bounds:IsValid=true, Min=(X=853.641 Y=349.624 Z=23.969), Max=(X=1257.389 Y=694.011 Z=567.014) RuntimeGrid:None EditorOnly:0 RuntimeOnly:0 HLODRelevant:1 ListedInSceneOutliner:1 IsMainWorldOnly:0
 |   |   |- [+] [ 39]
 |   |   |   |- Guid:E5320C1B4FD9764CE7B54D8487AEC613 BaseClass: NativeClass:/Script/Engine.SkyLight Name:SkyLight_0 Label:SkyLight SpatiallyLoaded:0 Bounds:IsValid=true, Min=(X=0.000 Y=0.000 Z=690.000), Max=(X=0.000 Y=0.000 Z=690.000) RuntimeGrid:None EditorOnly:0 RuntimeOnly:0 HLODRelevant:0 ListedInSceneOutliner:1 IsMainWorldOnly:0 FolderPath:Lighting FolderGuid:0BA5F0A04EADB18E70D5B180D08FA34B
 |   |   |- [+] [ 40]
 |   |   |   |- Guid:E786A76D4B24CCD83736E18276FD68EB BaseClass: NativeClass:/Script/Engine.StaticMeshActor Name:StaticMeshActor_UAID_88A4C2BD6D1C0B3502_1338360409 Label:lp_pond_GeoSphere034 SpatiallyLoaded:1 Bounds:IsValid=true, Min=(X=929.579 Y=161.638 Z=6.380), Max=(X=1100.855 Y=291.807 Z=83.708) RuntimeGrid:None EditorOnly:0 RuntimeOnly:0 HLODRelevant:1 ListedInSceneOutliner:1 IsMainWorldOnly:0
 |   |   |- [+] [ 41]
 |   |   |   |- Guid:EA148F83411ED352528FADB7609788C4 BaseClass: NativeClass:/Script/Engine.StaticMeshActor Name:StaticMeshActor_UAID_88A4C2BD6D1C0E3502_1796645957 Label:lp_pond_GeoSphere33 SpatiallyLoaded:1 Bounds:IsValid=true, Min=(X=1823.641 Y=-3930.376 Z=23.969), Max=(X=2227.389 Y=-3585.989 Z=567.014) RuntimeGrid:None EditorOnly:0 RuntimeOnly:0 HLODRelevant:1 ListedInSceneOutliner:1 IsMainWorldOnly:0
 |   |   |- [+] [ 42]
 |   |   |   |- Guid:EF7683A74042E5D69396498268BA30B4 BaseClass: NativeClass:/Script/Engine.StaticMeshActor Name:StaticMeshActor_UAID_88A4C2BD6D1C0E3502_1945818964 Label:lp_pond_GeoSphere39 SpatiallyLoaded:1 Bounds:IsValid=true, Min=(X=3903.641 Y=1109.624 Z=23.969), Max=(X=4307.389 Y=1454.011 Z=567.014) RuntimeGrid:None EditorOnly:0 RuntimeOnly:0 HLODRelevant:1 ListedInSceneOutliner:1 IsMainWorldOnly:0
 |   |   |- [+] [ 43]
 |   |   |   |- Guid:F80621C9446867154938FE81375207DA BaseClass: NativeClass:/Script/Engine.DirectionalLight Name:DirectionalLight_1 Label:DirectionalLight SpatiallyLoaded:0 Bounds:Invalid RuntimeGrid:None EditorOnly:0 RuntimeOnly:0 HLODRelevant:0 ListedInSceneOutliner:1 IsMainWorldOnly:0 FolderPath:Lighting FolderGuid:0BA5F0A04EADB18E70D5B180D08FA34B
 |- ContainerInstances:
 |- [+] MainContainer:
 |   |-        ID: 00000000000000000000000000000000
 |   |-  ParentID: 00000000000000000000000000000000
 |   |-    Bounds: IsValid=false, Min=(X=0.000 Y=0.000 Z=0.000), Max=(X=0.000 Y=0.000 Z=0.000)
 |   |- Transform: 0.000000,0.000000,0.000000|0.000000,0.000000,-0.000000|1.000000,1.000000,1.000000
 |   |- Container: /Game/FirstPerson/Maps/FirstPersonMap
----------------------------------------------------------------------------------------------------------------
FirstPersonMap - Persistent Level
----------------------------------------------------------------------------------------------------------------
[+] Content of FirstPersonMap Persistent Level
 |- Always loaded Actor Count: 44 
 |- Actor Path: /Game/FirstPerson/Maps/FirstPersonMap.FirstPersonMap:PersistentLevel.DirectionalLight_1
 |- Actor Package: /Game/__ExternalActors__/FirstPerson/Maps/FirstPersonMap/0/WB/V4ALNTJYOVWM8BU452CKV5
 |- Actor Path: /Game/FirstPerson/Maps/FirstPersonMap.FirstPersonMap:PersistentLevel.ExponentialHeightFog_0
 |- Actor Package: /Game/__ExternalActors__/FirstPerson/Maps/FirstPersonMap/0/CL/381LM03PFI8AF9NED1SEV2
 |- Actor Path: /Game/FirstPerson/Maps/FirstPersonMap.FirstPersonMap:PersistentLevel.PlayerStart_0
 |- Actor Package: /Game/__ExternalActors__/FirstPerson/Maps/FirstPersonMap/8/Z7/W1SXRCM1KAKBJOIZDLHZ47
 |- Actor Path: /Game/FirstPerson/Maps/FirstPersonMap.FirstPersonMap:PersistentLevel.PostProcessVolume_0
 |- Actor Package: /Game/__ExternalActors__/FirstPerson/Maps/FirstPersonMap/E/MX/R1GV431P5FDO08OFULRA01
 |- Actor Path: /Game/FirstPerson/Maps/FirstPersonMap.FirstPersonMap:PersistentLevel.SkyAtmosphere_0
 |- Actor Package: /Game/__ExternalActors__/FirstPerson/Maps/FirstPersonMap/C/VO/VMN4G7K3NKKV6F8HTPHHDB
 |- Actor Path: /Game/FirstPerson/Maps/FirstPersonMap.FirstPersonMap:PersistentLevel.SkyLight_0
 |- Actor Package: /Game/__ExternalActors__/FirstPerson/Maps/FirstPersonMap/6/0Z/5RQIHCZ9W3UXRGL4LTLQAK
 |- Actor Path: /Game/FirstPerson/Maps/FirstPersonMap.FirstPersonMap:PersistentLevel.StaticMeshActor_UAID_88A4C2BD6D1C083502_1820286871
 |- Actor Package: /Game/__ExternalActors__/FirstPerson/Maps/FirstPersonMap/4/PB/4RJGYPEY72QC4K8F8B019P
 |- Actor Path: /Game/FirstPerson/Maps/FirstPersonMap.FirstPersonMap:PersistentLevel.StaticMeshActor_UAID_88A4C2BD6D1C083502_1820288872
 |- Actor Package: /Game/__ExternalActors__/FirstPerson/Maps/FirstPersonMap/8/TZ/OZCHZ79XZCEE7OFEKSE1HR
 |- Actor Path: /Game/FirstPerson/Maps/FirstPersonMap.FirstPersonMap:PersistentLevel.StaticMeshActor_UAID_88A4C2BD6D1C093502_1203608049
 |- Actor Package: /Game/__ExternalActors__/FirstPerson/Maps/FirstPersonMap/A/AW/FP8AIT0BSGT1VBBKVORXXM
 |- Actor Path: /Game/FirstPerson/Maps/FirstPersonMap.FirstPersonMap:PersistentLevel.StaticMeshActor_UAID_88A4C2BD6D1C093502_1203611050
 |- Actor Package: /Game/__ExternalActors__/FirstPerson/Maps/FirstPersonMap/1/JX/H7BRB4ISNMBAPMU1BM1Y75
 |- Actor Path: /Game/FirstPerson/Maps/FirstPersonMap.FirstPersonMap:PersistentLevel.StaticMeshActor_UAID_88A4C2BD6D1C093502_1759321051
 |- Actor Package: /Game/__ExternalActors__/FirstPerson/Maps/FirstPersonMap/6/CW/4XL2TC6GK8J7EQDYBGVINQ
 |- Actor Path: /Game/FirstPerson/Maps/FirstPersonMap.FirstPersonMap:PersistentLevel.StaticMeshActor_UAID_88A4C2BD6D1C093502_1940856052
 |- Actor Package: /Game/__ExternalActors__/FirstPerson/Maps/FirstPersonMap/0/CC/N707DE6AXZY2K1N3JI2V83
 |- Actor Path: /Game/FirstPerson/Maps/FirstPersonMap.FirstPersonMap:PersistentLevel.StaticMeshActor_UAID_88A4C2BD6D1C0A3502_1174913230
 |- Actor Package: /Game/__ExternalActors__/FirstPerson/Maps/FirstPersonMap/7/IH/1ESNNNL0XAMSE61XI3NVI9
 |- Actor Path: /Game/FirstPerson/Maps/FirstPersonMap.FirstPersonMap:PersistentLevel.StaticMeshActor_UAID_88A4C2BD6D1C0A3502_1236735231
 |- Actor Package: /Game/__ExternalActors__/FirstPerson/Maps/FirstPersonMap/D/UI/CPW0KE8NQ3IVZO5ZRSV2YA
 |- Actor Path: /Game/FirstPerson/Maps/FirstPersonMap.FirstPersonMap:PersistentLevel.StaticMeshActor_UAID_88A4C2BD6D1C0B3502_1135280408
 |- Actor Package: /Game/__ExternalActors__/FirstPerson/Maps/FirstPersonMap/7/PC/3YKLCZAJNWGRR1CD5DH2WN
 |- Actor Path: /Game/FirstPerson/Maps/FirstPersonMap.FirstPersonMap:PersistentLevel.StaticMeshActor_UAID_88A4C2BD6D1C0B3502_1338360409
 |- Actor Package: /Game/__ExternalActors__/FirstPerson/Maps/FirstPersonMap/C/IC/GLPOXHE59O1EBKQKB9UPSJ
 |- Actor Path: /Game/FirstPerson/Maps/FirstPersonMap.FirstPersonMap:PersistentLevel.StaticMeshActor_UAID_88A4C2BD6D1C0E3502_1531307939
 |- Actor Package: /Game/__ExternalActors__/FirstPerson/Maps/FirstPersonMap/B/IA/HAQ34K05QZ0NYCRQHNPMO0
 |- Actor Path: /Game/FirstPerson/Maps/FirstPersonMap.FirstPersonMap:PersistentLevel.StaticMeshActor_UAID_88A4C2BD6D1C0E3502_1589093940
 |- Actor Package: /Game/__ExternalActors__/FirstPerson/Maps/FirstPersonMap/7/V4/RXSKYVMPHR2B0E2RMH5ZFZ
 |- Actor Path: /Game/FirstPerson/Maps/FirstPersonMap.FirstPersonMap:PersistentLevel.StaticMeshActor_UAID_88A4C2BD6D1C0E3502_1601202941
 |- Actor Package: /Game/__ExternalActors__/FirstPerson/Maps/FirstPersonMap/E/64/ZCD0VGDMJWH26876H3C6R2
 |- Actor Path: /Game/FirstPerson/Maps/FirstPersonMap.FirstPersonMap:PersistentLevel.StaticMeshActor_UAID_88A4C2BD6D1C0E3502_1618748942
 |- Actor Package: /Game/__ExternalActors__/FirstPerson/Maps/FirstPersonMap/7/JS/90SDAFTRNWF37KOIADZ1DP
 |- Actor Path: /Game/FirstPerson/Maps/FirstPersonMap.FirstPersonMap:PersistentLevel.StaticMeshActor_UAID_88A4C2BD6D1C0E3502_1651662943
 |- Actor Package: /Game/__ExternalActors__/FirstPerson/Maps/FirstPersonMap/D/93/R2KKF0860KVX9GMNALL8HH
 |- Actor Path: /Game/FirstPerson/Maps/FirstPersonMap.FirstPersonMap:PersistentLevel.StaticMeshActor_UAID_88A4C2BD6D1C0E3502_1744371944
 |- Actor Package: /Game/__ExternalActors__/FirstPerson/Maps/FirstPersonMap/7/RR/S5HQ608889P3CO7FW95AGN
 |- Actor Path: /Game/FirstPerson/Maps/FirstPersonMap.FirstPersonMap:PersistentLevel.StaticMeshActor_UAID_88A4C2BD6D1C0E3502_1747656945
 |- Actor Package: /Game/__ExternalActors__/FirstPerson/Maps/FirstPersonMap/7/WQ/9VAHERDYKC37ZOWXLQX580
 |- Actor Path: /Game/FirstPerson/Maps/FirstPersonMap.FirstPersonMap:PersistentLevel.StaticMeshActor_UAID_88A4C2BD6D1C0E3502_1749443946
 |- Actor Package: /Game/__ExternalActors__/FirstPerson/Maps/FirstPersonMap/3/5L/M863CYYMAJBCJ59Z3HXMIZ
 |- Actor Path: /Game/FirstPerson/Maps/FirstPersonMap.FirstPersonMap:PersistentLevel.StaticMeshActor_UAID_88A4C2BD6D1C0E3502_1750457947
 |- Actor Package: /Game/__ExternalActors__/FirstPerson/Maps/FirstPersonMap/B/GH/0Q2WJH51MQBQ6SKKIBVD47
 |- Actor Path: /Game/FirstPerson/Maps/FirstPersonMap.FirstPersonMap:PersistentLevel.StaticMeshActor_UAID_88A4C2BD6D1C0E3502_1751618948
 |- Actor Package: /Game/__ExternalActors__/FirstPerson/Maps/FirstPersonMap/B/4G/H1E0SWZ2IFDZ2OA0HN1NHR
 |- Actor Path: /Game/FirstPerson/Maps/FirstPersonMap.FirstPersonMap:PersistentLevel.StaticMeshActor_UAID_88A4C2BD6D1C0E3502_1757390949
 |- Actor Package: /Game/__ExternalActors__/FirstPerson/Maps/FirstPersonMap/2/RU/NT4GUGAAHHECXHK29V2ZVG
 |- Actor Path: /Game/FirstPerson/Maps/FirstPersonMap.FirstPersonMap:PersistentLevel.StaticMeshActor_UAID_88A4C2BD6D1C0E3502_1760758950
 |- Actor Package: /Game/__ExternalActors__/FirstPerson/Maps/FirstPersonMap/C/GH/8SC89TTAN7FWIF3BVQ6B9C
 |- Actor Path: /Game/FirstPerson/Maps/FirstPersonMap.FirstPersonMap:PersistentLevel.StaticMeshActor_UAID_88A4C2BD6D1C0E3502_1771065951
 |- Actor Package: /Game/__ExternalActors__/FirstPerson/Maps/FirstPersonMap/9/RW/WVNBNA3KM02SWWGVW2UM86
 |- Actor Path: /Game/FirstPerson/Maps/FirstPersonMap.FirstPersonMap:PersistentLevel.StaticMeshActor_UAID_88A4C2BD6D1C0E3502_1775979952
 |- Actor Package: /Game/__ExternalActors__/FirstPerson/Maps/FirstPersonMap/E/3U/81MAPEHMA66R7N3OUSSWKF
 |- Actor Path: /Game/FirstPerson/Maps/FirstPersonMap.FirstPersonMap:PersistentLevel.StaticMeshActor_UAID_88A4C2BD6D1C0E3502_1777827953
 |- Actor Package: /Game/__ExternalActors__/FirstPerson/Maps/FirstPersonMap/0/T7/H2GGDA18D991S8V104NVD3
 |- Actor Path: /Game/FirstPerson/Maps/FirstPersonMap.FirstPersonMap:PersistentLevel.StaticMeshActor_UAID_88A4C2BD6D1C0E3502_1780088954
 |- Actor Package: /Game/__ExternalActors__/FirstPerson/Maps/FirstPersonMap/9/BH/M2U1MD3E1LP3Z4JV6TGOIZ
 |- Actor Path: /Game/FirstPerson/Maps/FirstPersonMap.FirstPersonMap:PersistentLevel.StaticMeshActor_UAID_88A4C2BD6D1C0E3502_1782165955
 |- Actor Package: /Game/__ExternalActors__/FirstPerson/Maps/FirstPersonMap/7/XD/YJCQ3FTLMVY3HRJGTE2CTH
 |- Actor Path: /Game/FirstPerson/Maps/FirstPersonMap.FirstPersonMap:PersistentLevel.StaticMeshActor_UAID_88A4C2BD6D1C0E3502_1793839956
 |- Actor Package: /Game/__ExternalActors__/FirstPerson/Maps/FirstPersonMap/B/0I/8JXQM3UWJGNYUFU05SMA11
 |- Actor Path: /Game/FirstPerson/Maps/FirstPersonMap.FirstPersonMap:PersistentLevel.StaticMeshActor_UAID_88A4C2BD6D1C0E3502_1796645957
 |- Actor Package: /Game/__ExternalActors__/FirstPerson/Maps/FirstPersonMap/C/TS/QHHZY8DDO5HC531UEQE9RU
 |- Actor Path: /Game/FirstPerson/Maps/FirstPersonMap.FirstPersonMap:PersistentLevel.StaticMeshActor_UAID_88A4C2BD6D1C0E3502_1797879958
 |- Actor Package: /Game/__ExternalActors__/FirstPerson/Maps/FirstPersonMap/5/ML/8V51YI06GUMARJS3KRAC8Y
 |- Actor Path: /Game/FirstPerson/Maps/FirstPersonMap.FirstPersonMap:PersistentLevel.StaticMeshActor_UAID_88A4C2BD6D1C0E3502_1902380959
 |- Actor Package: /Game/__ExternalActors__/FirstPerson/Maps/FirstPersonMap/5/5N/CP3YW9V8F7F7XR18XE86CL
 |- Actor Path: /Game/FirstPerson/Maps/FirstPersonMap.FirstPersonMap:PersistentLevel.StaticMeshActor_UAID_88A4C2BD6D1C0E3502_1923871960
 |- Actor Package: /Game/__ExternalActors__/FirstPerson/Maps/FirstPersonMap/5/QI/OA97CCFPHY2QSJTRQC003D
 |- Actor Path: /Game/FirstPerson/Maps/FirstPersonMap.FirstPersonMap:PersistentLevel.StaticMeshActor_UAID_88A4C2BD6D1C0E3502_1925474961
 |- Actor Package: /Game/__ExternalActors__/FirstPerson/Maps/FirstPersonMap/5/AD/I9MLS44FKWU86XROIK3R0U
 |- Actor Path: /Game/FirstPerson/Maps/FirstPersonMap.FirstPersonMap:PersistentLevel.StaticMeshActor_UAID_88A4C2BD6D1C0E3502_1943995963
 |- Actor Package: /Game/__ExternalActors__/FirstPerson/Maps/FirstPersonMap/8/OT/MTK8S63QEKCM0N1LV2QLDF
 |- Actor Path: /Game/FirstPerson/Maps/FirstPersonMap.FirstPersonMap:PersistentLevel.StaticMeshActor_UAID_88A4C2BD6D1C0E3502_1945818964
 |- Actor Package: /Game/__ExternalActors__/FirstPerson/Maps/FirstPersonMap/9/YT/M2RTFU1EQS67JT7D3GS8BA
 |- Actor Path: /Game/FirstPerson/Maps/FirstPersonMap.FirstPersonMap:PersistentLevel.StaticMeshActor_UAID_A4AE111137DC5EFB00_2001720423
 |- Actor Package: /Game/__ExternalActors__/FirstPerson/Maps/FirstPersonMap/C/ZU/PDQ0AB8RLNMVID876FD49G
 |- Actor Path: /Game/FirstPerson/Maps/FirstPersonMap.FirstPersonMap:PersistentLevel.VolumetricCloud_0
 |- Actor Package: /Game/__ExternalActors__/FirstPerson/Maps/FirstPersonMap/0/GO/I8WEFD3RY9V3NVQLSU6QM4
 |- Actor Path: /Game/FirstPerson/Maps/FirstPersonMap.FirstPersonMap:PersistentLevel.WorldDataLayers
 |- Actor Package: /Game/__ExternalActors__/FirstPerson/Maps/FirstPersonMap/D/0W/E1FKEGVKGOLM7HGLQPCIPO

----------------------------------------------------------------------------------------------------------------
FirstPersonMap - Runtime Hash Set
----------------------------------------------------------------------------------------------------------------

